0001_0014_0018_0069_0069.jpg 1 14 18 69 69
0002_0010_0021_0062_0062.jpg 1 10 21 62 62
0003_0008_0029_0060_0060.jpg 1 8 29 60 60
0004_0023_0023_0063_0063.jpg 1 23 23 63 63
0005_0013_0025_0063_0063.jpg 1 13 25 63 63
0006_0012_0031_0057_0057.jpg 1 12 31 57 57
0007_0005_0019_0067_0067.jpg 1 5 19 67 67
0008_0022_0014_0056_0056.jpg 1 22 14 56 56
0009_0019_0020_0065_0065.jpg 1 19 20 65 65
0010_0033_0038_0051_0051.jpg 1 33 38 51 51
0011_0007_0012_0055_0055.jpg 1 7 12 55 55
0012_0024_0009_0059_0059.jpg 1 24 9 59 59
0013_0016_0007_0061_0061.jpg 1 16 7 61 61
0014_0042_0046_0048_0048.jpg 1 42 46 48 48
0015_0014_0016_0061_0061.jpg 1 14 16 61 61
0016_0006_0039_0055_0055.jpg 1 6 39 55 55
0017_0018_0019_0065_0065.jpg 1 18 19 65 65
0018_0013_0043_0051_0051.jpg 1 13 43 51 51
0019_0004_0003_0069_0069.jpg 1 4 3 69 69
0020_0004_0034_0059_0059.jpg 1 4 34 59 59
0021_0017_0023_0051_0051.jpg 1 17 23 51 51
0022_0042_0013_0049_0049.jpg 1 42 13 49 49
0023_0015_0012_0053_0053.jpg 1 15 12 53 53
0024_0006_0030_0058_0058.jpg 1 6 30 58 58
0025_0006_0036_0056_0056.jpg 1 6 36 56 56
0026_0009_0023_0062_0062.jpg 1 9 23 62 62
0027_0027_0017_0048_0048.jpg 1 27 17 48 48
0028_0004_0032_0060_0060.jpg 1 4 32 60 60
0029_0029_0014_0058_0058.jpg 1 29 14 58 58
0030_0029_0011_0054_0054.jpg 1 29 11 54 54
0031_0007_0024_0062_0062.jpg 1 7 24 62 62
0032_0015_0018_0069_0069.jpg 1 15 18 69 69
0033_0012_0023_0062_0062.jpg 1 12 23 62 62
0034_0007_0011_0066_0066.jpg 1 7 11 66 66
0035_0010_0005_0056_0056.jpg 1 10 5 56 56
0036_0010_0016_0069_0069.jpg 1 10 16 69 69
