0001_0024_0022_0063_0063.jpg 1 24 22 63 63
0002_0024_0019_0068_0068.jpg 1 24 19 68 68
0003_0022_0005_0067_0067.jpg 1 22 5 67 67
0004_0011_0029_0067_0067.jpg 1 11 29 67 67
0005_0024_0008_0069_0069.jpg 1 24 8 69 69
0006_0007_0005_0069_0069.jpg 1 7 5 69 69
0007_0016_0025_0059_0059.jpg 1 16 25 59 59
0008_0016_0010_0066_0066.jpg 1 16 10 66 66
0009_0007_0011_0068_0068.jpg 1 7 11 68 68
0010_0044_0008_0049_0049.jpg 1 44 8 49 49
0011_0008_0015_0053_0053.jpg 1 8 15 53 53
0012_0037_0024_0052_0052.jpg 1 37 24 52 52
0013_0019_0004_0069_0069.jpg 1 19 4 69 69
0014_0035_0025_0049_0049.jpg 1 35 25 49 49
0015_0010_0028_0067_0067.jpg 1 10 28 67 67
0016_0005_0006_0065_0065.jpg 1 5 6 65 65
0017_0026_0006_0066_0066.jpg 1 26 6 66 66
0018_0027_0023_0069_0069.jpg 1 27 23 69 69
0019_0008_0010_0060_0060.jpg 1 8 10 60 60
0020_0023_0030_0063_0063.jpg 1 23 30 63 63
0021_0006_0013_0051_0051.jpg 1 6 13 51 51
0022_0008_0009_0068_0068.jpg 1 8 9 68 68
0023_0023_0043_0050_0050.jpg 1 23 43 50 50
0024_0004_0026_0056_0056.jpg 1 4 26 56 56
0025_0020_0008_0057_0057.jpg 1 20 8 57 57
0026_0013_0026_0054_0054.jpg 1 13 26 54 54
0027_0034_0004_0059_0059.jpg 1 34 4 59 59
0028_0005_0032_0049_0049.jpg 1 5 32 49 49
0029_0023_0031_0063_0063.jpg 1 23 31 63 63
0030_0021_0003_0065_0065.jpg 1 21 3 65 65
0031_0029_0015_0060_0060.jpg 1 29 15 60 60
0032_0038_0024_0055_0055.jpg 1 38 24 55 55
0033_0010_0022_0063_0063.jpg 1 10 22 63 63
0034_0008_0014_0053_0053.jpg 1 8 14 53 53
0035_0028_0031_0063_0063.jpg 1 28 31 63 63
0036_0022_0011_0057_0057.jpg 1 22 11 57 57
