0001_0014_0028_0066_0066.jpg 1 14 28 66 66
0002_0027_0033_0062_0062.jpg 1 27 33 62 62
0003_0005_0013_0065_0065.jpg 1 5 13 65 65
0004_0026_0031_0056_0056.jpg 1 26 31 56 56
0005_0015_0023_0048_0048.jpg 1 15 23 48 48
0006_0028_0011_0066_0066.jpg 1 28 11 66 66
0007_0031_0023_0065_0065.jpg 1 31 23 65 65
0008_0014_0016_0057_0057.jpg 1 14 16 57 57
0009_0014_0010_0069_0069.jpg 1 14 10 69 69
0010_0012_0021_0063_0063.jpg 1 12 21 63 63
0011_0031_0007_0065_0065.jpg 1 31 7 65 65
0012_0017_0023_0056_0056.jpg 1 17 23 56 56
0013_0038_0026_0051_0051.jpg 1 38 26 51 51
0014_0012_0015_0067_0067.jpg 1 12 15 67 67
0015_0029_0029_0065_0065.jpg 1 29 29 65 65
0016_0028_0003_0068_0068.jpg 1 28 3 68 68
0017_0007_0022_0055_0055.jpg 1 7 22 55 55
0018_0035_0004_0060_0060.jpg 1 35 4 60 60
0019_0029_0017_0053_0053.jpg 1 29 17 53 53
0020_0004_0024_0060_0060.jpg 1 4 24 60 60
0021_0019_0023_0068_0068.jpg 1 19 23 68 68
0022_0034_0027_0054_0054.jpg 1 34 27 54 54
0023_0032_0006_0049_0049.jpg 1 32 6 49 49
0024_0003_0024_0069_0069.jpg 1 3 24 69 69
0025_0004_0028_0062_0062.jpg 1 4 28 62 62
0026_0033_0026_0060_0060.jpg 1 33 26 60 60
0027_0039_0019_0053_0053.jpg 1 39 19 53 53
0028_0034_0030_0056_0056.jpg 1 34 30 56 56
0029_0028_0021_0068_0068.jpg 1 28 21 68 68
0030_0025_0020_0069_0069.jpg 1 25 20 69 69
0031_0039_0029_0052_0052.jpg 1 39 29 52 52
0032_0031_0017_0057_0057.jpg 1 31 17 57 57
0033_0014_0018_0050_0050.jpg 1 14 18 50 50
0034_0012_0016_0055_0055.jpg 1 12 16 55 55
0035_0010_0014_0067_0067.jpg 1 10 14 67 67
0036_0011_0018_0069_0069.jpg 1 11 18 69 69
