0001_0015_0025_0063_0063.jpg 1 15 25 63 63
0002_0019_0040_0050_0050.jpg 1 19 40 50 50
0003_0019_0033_0058_0058.jpg 1 19 33 58 58
0004_0021_0012_0060_0060.jpg 1 21 12 60 60
0005_0027_0005_0054_0054.jpg 1 27 5 54 54
0006_0044_0030_0050_0050.jpg 1 44 30 50 50
0007_0025_0038_0055_0055.jpg 1 25 38 55 55
0008_0020_0033_0052_0052.jpg 1 20 33 52 52
0009_0017_0024_0061_0061.jpg 1 17 24 61 61
0010_0013_0028_0056_0056.jpg 1 13 28 56 56
0011_0038_0040_0053_0053.jpg 1 38 40 53 53
0012_0031_0029_0063_0063.jpg 1 31 29 63 63
0013_0016_0027_0052_0052.jpg 1 16 27 52 52
0014_0017_0019_0066_0066.jpg 1 17 19 66 66
0015_0017_0008_0056_0056.jpg 1 17 8 56 56
0016_0011_0030_0059_0059.jpg 1 11 30 59 59
0017_0030_0015_0065_0065.jpg 1 30 15 65 65
0018_0011_0019_0065_0065.jpg 1 11 19 65 65
0019_0007_0040_0054_0054.jpg 1 7 40 54 54
0020_0011_0023_0065_0065.jpg 1 11 23 65 65
0021_0025_0022_0060_0060.jpg 1 25 22 60 60
0022_0040_0011_0048_0048.jpg 1 40 11 48 48
0023_0023_0013_0060_0060.jpg 1 23 13 60 60
0024_0021_0028_0049_0049.jpg 1 21 28 49 49
0025_0010_0014_0060_0060.jpg 1 10 14 60 60
0026_0019_0026_0050_0050.jpg 1 19 26 50 50
0027_0024_0037_0058_0058.jpg 1 24 37 58 58
0028_0008_0019_0067_0067.jpg 1 8 19 67 67
0029_0017_0014_0064_0064.jpg 1 17 14 64 64
0030_0022_0026_0053_0053.jpg 1 22 26 53 53
0031_0004_0026_0060_0060.jpg 1 4 26 60 60
0032_0024_0020_0058_0058.jpg 1 24 20 58 58
0033_0030_0025_0053_0053.jpg 1 30 25 53 53
0034_0023_0018_0068_0068.jpg 1 23 18 68 68
0035_0010_0007_0067_0067.jpg 1 10 7 67 67
0036_0018_0027_0065_0065.jpg 1 18 27 65 65
