0001_0031_0041_0050_0050.jpg 1 31 41 50 50
0002_0010_0037_0055_0055.jpg 1 10 37 55 55
0003_0014_0005_0069_0069.jpg 1 14 5 69 69
0004_0022_0021_0053_0053.jpg 1 22 21 53 53
0005_0031_0021_0054_0054.jpg 1 31 21 54 54
0006_0004_0019_0056_0056.jpg 1 4 19 56 56
0007_0033_0025_0053_0053.jpg 1 33 25 53 53
0008_0004_0008_0068_0068.jpg 1 4 8 68 68
0009_0015_0036_0059_0059.jpg 1 15 36 59 59
0010_0024_0024_0060_0060.jpg 1 24 24 60 60
0011_0017_0017_0057_0057.jpg 1 17 17 57 57
0012_0031_0019_0054_0054.jpg 1 31 19 54 54
0013_0027_0009_0067_0067.jpg 1 27 9 67 67
0014_0017_0029_0050_0050.jpg 1 17 29 50 50
0015_0020_0019_0061_0061.jpg 1 20 19 61 61
0016_0031_0035_0052_0052.jpg 1 31 35 52 52
0017_0040_0018_0053_0053.jpg 1 40 18 53 53
0018_0014_0011_0059_0059.jpg 1 14 11 59 59
0019_0034_0018_0057_0057.jpg 1 34 18 57 57
0020_0030_0014_0053_0053.jpg 1 30 14 53 53
0021_0028_0004_0056_0056.jpg 1 28 4 56 56
0022_0030_0021_0058_0058.jpg 1 30 21 58 58
0023_0037_0014_0048_0048.jpg 1 37 14 48 48
0024_0024_0016_0068_0068.jpg 1 24 16 68 68
0025_0010_0007_0063_0063.jpg 1 10 7 63 63
0026_0009_0022_0068_0068.jpg 1 9 22 68 68
0027_0014_0028_0056_0056.jpg 1 14 28 56 56
0028_0019_0007_0055_0055.jpg 1 19 7 55 55
0029_0009_0028_0049_0049.jpg 1 9 28 49 49
0030_0005_0029_0060_0060.jpg 1 5 29 60 60
0031_0038_0013_0049_0049.jpg 1 38 13 49 49
0032_0025_0006_0067_0067.jpg 1 25 6 67 67
0033_0039_0037_0054_0054.jpg 1 39 37 54 54
0034_0012_0031_0053_0053.jpg 1 12 31 53 53
0035_0025_0028_0064_0064.jpg 1 25 28 64 64
0036_0028_0008_0067_0067.jpg 1 28 8 67 67
