0001_0009_0012_0066_0066.jpg 1 9 12 66 66
0002_0029_0028_0058_0058.jpg 1 29 28 58 58
0003_0013_0004_0062_0062.jpg 1 13 4 62 62
0004_0018_0020_0052_0052.jpg 1 18 20 52 52
0005_0016_0004_0062_0062.jpg 1 16 4 62 62
0006_0024_0031_0048_0048.jpg 1 24 31 48 48
0007_0042_0011_0049_0049.jpg 1 42 11 49 49
0008_0017_0025_0066_0066.jpg 1 17 25 66 66
0009_0045_0034_0049_0049.jpg 1 45 34 49 49
0010_0007_0008_0053_0053.jpg 1 7 8 53 53
0011_0028_0030_0061_0061.jpg 1 28 30 61 61
0012_0024_0032_0060_0060.jpg 1 24 32 60 60
0013_0015_0010_0066_0066.jpg 1 15 10 66 66
0014_0020_0023_0059_0059.jpg 1 20 23 59 59
0015_0036_0005_0052_0052.jpg 1 36 5 52 52
0016_0025_0024_0066_0066.jpg 1 25 24 66 66
0017_0030_0020_0062_0062.jpg 1 30 20 62 62
0018_0031_0020_0064_0064.jpg 1 31 20 64 64
0019_0019_0009_0060_0060.jpg 1 19 9 60 60
0020_0031_0006_0064_0064.jpg 1 31 6 64 64
0021_0040_0031_0055_0055.jpg 1 40 31 55 55
0022_0033_0029_0053_0053.jpg 1 33 29 53 53
0023_0013_0015_0053_0053.jpg 1 13 15 53 53
0024_0026_0031_0048_0048.jpg 1 26 31 48 48
0025_0018_0009_0064_0064.jpg 1 18 9 64 64
0026_0018_0004_0057_0057.jpg 1 18 4 57 57
0027_0009_0007_0067_0067.jpg 1 9 7 67 67
0028_0026_0007_0054_0054.jpg 1 26 7 54 54
0029_0014_0021_0053_0053.jpg 1 14 21 53 53
0030_0031_0037_0048_0048.jpg 1 31 37 48 48
0031_0025_0009_0069_0069.jpg 1 25 9 69 69
0032_0030_0031_0059_0059.jpg 1 30 31 59 59
0033_0003_0004_0069_0069.jpg 1 3 4 69 69
0034_0004_0007_0068_0068.jpg 1 4 7 68 68
0035_0034_0015_0053_0053.jpg 1 34 15 53 53
0036_0037_0007_0051_0051.jpg 1 37 7 51 51
