0001_0037_0023_0051_0051.jpg 1 37 23 51 51
0002_0014_0011_0049_0049.jpg 1 14 11 49 49
0003_0011_0016_0061_0061.jpg 1 11 16 61 61
0004_0013_0031_0058_0058.jpg 1 13 31 58 58
0005_0010_0020_0052_0052.jpg 1 10 20 52 52
0006_0010_0013_0054_0054.jpg 1 10 13 54 54
0007_0030_0043_0050_0050.jpg 1 30 43 50 50
0008_0034_0023_0054_0054.jpg 1 34 23 54 54
0009_0006_0008_0064_0064.jpg 1 6 8 64 64
0010_0025_0023_0062_0062.jpg 1 25 23 62 62
0011_0018_0015_0053_0053.jpg 1 18 15 53 53
0012_0007_0005_0063_0063.jpg 1 7 5 63 63
0013_0024_0007_0069_0069.jpg 1 24 7 69 69
0014_0029_0017_0060_0060.jpg 1 29 17 60 60
0015_0026_0026_0064_0064.jpg 1 26 26 64 64
0016_0045_0012_0049_0049.jpg 1 45 12 49 49
0017_0022_0016_0067_0067.jpg 1 22 16 67 67
0018_0028_0007_0050_0050.jpg 1 28 7 50 50
0019_0015_0030_0050_0050.jpg 1 15 30 50 50
0020_0014_0021_0054_0054.jpg 1 14 21 54 54
0021_0020_0007_0056_0056.jpg 1 20 7 56 56
0022_0016_0036_0056_0056.jpg 1 16 36 56 56
0023_0035_0043_0050_0050.jpg 1 35 43 50 50
0024_0011_0013_0062_0062.jpg 1 11 13 62 62
0025_0030_0029_0055_0055.jpg 1 30 29 55 55
0026_0037_0004_0058_0058.jpg 1 37 4 58 58
0027_0029_0006_0054_0054.jpg 1 29 6 54 54
0028_0007_0015_0067_0067.jpg 1 7 15 67 67
0029_0006_0020_0058_0058.jpg 1 6 20 58 58
0030_0030_0033_0057_0057.jpg 1 30 33 57 57
0031_0025_0033_0061_0061.jpg 1 25 33 61 61
0032_0020_0008_0055_0055.jpg 1 20 8 55 55
0033_0016_0028_0064_0064.jpg 1 16 28 64 64
0034_0026_0031_0048_0048.jpg 1 26 31 48 48
0035_0018_0009_0050_0050.jpg 1 18 9 50 50
0036_0035_0020_0051_0051.jpg 1 35 20 51 51
