0001_0013_0009_0059_0059.jpg 1 13 9 59 59
0002_0007_0021_0064_0064.jpg 1 7 21 64 64
0003_0021_0038_0056_0056.jpg 1 21 38 56 56
0004_0025_0022_0063_0063.jpg 1 25 22 63 63
0005_0028_0021_0065_0065.jpg 1 28 21 65 65
0006_0018_0025_0057_0057.jpg 1 18 25 57 57
0007_0027_0032_0054_0054.jpg 1 27 32 54 54
0008_0023_0011_0056_0056.jpg 1 23 11 56 56
0009_0027_0033_0056_0056.jpg 1 27 33 56 56
0010_0005_0011_0067_0067.jpg 1 5 11 67 67
0011_0027_0020_0068_0068.jpg 1 27 20 68 68
0012_0003_0014_0069_0069.jpg 1 3 14 69 69
0013_0021_0024_0065_0065.jpg 1 21 24 65 65
0014_0015_0016_0063_0063.jpg 1 15 16 63 63
0015_0018_0012_0050_0050.jpg 1 18 12 50 50
0016_0014_0005_0068_0068.jpg 1 14 5 68 68
0017_0032_0035_0054_0054.jpg 1 32 35 54 54
0018_0029_0005_0065_0065.jpg 1 29 5 65 65
0019_0014_0010_0057_0057.jpg 1 14 10 57 57
0020_0007_0032_0056_0056.jpg 1 7 32 56 56
0021_0031_0031_0048_0048.jpg 1 31 31 48 48
0022_0008_0023_0059_0059.jpg 1 8 23 59 59
0023_0013_0037_0058_0058.jpg 1 13 37 58 58
0024_0025_0022_0062_0062.jpg 1 25 22 62 62
0025_0024_0033_0061_0061.jpg 1 24 33 61 61
0026_0024_0030_0063_0063.jpg 1 24 30 63 63
0027_0009_0025_0048_0048.jpg 1 9 25 48 48
0028_0027_0034_0056_0056.jpg 1 27 34 56 56
0029_0029_0012_0064_0064.jpg 1 29 12 64 64
0030_0037_0029_0056_0056.jpg 1 37 29 56 56
0031_0021_0025_0059_0059.jpg 1 21 25 59 59
0032_0037_0042_0052_0052.jpg 1 37 42 52 52
0033_0021_0040_0053_0053.jpg 1 21 40 53 53
0034_0017_0033_0050_0050.jpg 1 17 33 50 50
0035_0036_0039_0050_0050.jpg 1 36 39 50 50
0036_0027_0029_0052_0052.jpg 1 27 29 52 52
