0001_0038_0016_0054_0054.jpg 1 38 16 54 54
0002_0012_0008_0067_0067.jpg 1 12 8 67 67
0003_0016_0026_0067_0067.jpg 1 16 26 67 67
0004_0036_0006_0053_0053.jpg 1 36 6 53 53
0005_0033_0012_0063_0063.jpg 1 33 12 63 63
0006_0007_0007_0055_0055.jpg 1 7 7 55 55
0007_0024_0025_0053_0053.jpg 1 24 25 53 53
0008_0032_0005_0057_0057.jpg 1 32 5 57 57
0009_0006_0036_0059_0059.jpg 1 6 36 59 59
0010_0043_0024_0049_0049.jpg 1 43 24 49 49
0011_0028_0021_0066_0066.jpg 1 28 21 66 66
0012_0018_0030_0051_0051.jpg 1 18 30 51 51
0013_0036_0008_0059_0059.jpg 1 36 8 59 59
0014_0020_0023_0061_0061.jpg 1 20 23 61 61
0015_0007_0013_0057_0057.jpg 1 7 13 57 57
0016_0005_0017_0068_0068.jpg 1 5 17 68 68
0017_0038_0035_0052_0052.jpg 1 38 35 52 52
0018_0004_0011_0067_0067.jpg 1 4 11 67 67
0019_0015_0010_0062_0062.jpg 1 15 10 62 62
0020_0006_0017_0062_0062.jpg 1 6 17 62 62
0021_0022_0026_0065_0065.jpg 1 22 26 65 65
0022_0033_0018_0056_0056.jpg 1 33 18 56 56
0023_0015_0025_0069_0069.jpg 1 15 25 69 69
0024_0032_0014_0063_0063.jpg 1 32 14 63 63
0025_0039_0019_0056_0056.jpg 1 39 19 56 56
0026_0011_0019_0061_0061.jpg 1 11 19 61 61
0027_0005_0013_0055_0055.jpg 1 5 13 55 55
0028_0021_0006_0050_0050.jpg 1 21 6 50 50
0029_0014_0033_0051_0051.jpg 1 14 33 51 51
0030_0017_0010_0066_0066.jpg 1 17 10 66 66
0031_0017_0014_0065_0065.jpg 1 17 14 65 65
0032_0009_0024_0066_0066.jpg 1 9 24 66 66
0033_0024_0011_0055_0055.jpg 1 24 11 55 55
0034_0034_0025_0054_0054.jpg 1 34 25 54 54
0035_0025_0006_0069_0069.jpg 1 25 6 69 69
0036_0027_0030_0066_0066.jpg 1 27 30 66 66
