0001_0019_0005_0057_0057.jpg 1 19 5 57 57
0002_0009_0010_0068_0068.jpg 1 9 10 68 68
0003_0009_0037_0052_0052.jpg 1 9 37 52 52
0004_0041_0025_0050_0050.jpg 1 41 25 50 50
0005_0006_0007_0068_0068.jpg 1 6 7 68 68
0006_0025_0012_0049_0049.jpg 1 25 12 49 49
0007_0039_0032_0051_0051.jpg 1 39 32 51 51
0008_0007_0036_0057_0057.jpg 1 7 36 57 57
0009_0017_0014_0057_0057.jpg 1 17 14 57 57
0010_0041_0019_0049_0049.jpg 1 41 19 49 49
0011_0020_0028_0064_0064.jpg 1 20 28 64 64
0012_0021_0016_0056_0056.jpg 1 21 16 56 56
0013_0012_0014_0069_0069.jpg 1 12 14 69 69
0014_0027_0023_0069_0069.jpg 1 27 23 69 69
0015_0027_0036_0054_0054.jpg 1 27 36 54 54
0016_0012_0027_0049_0049.jpg 1 12 27 49 49
0017_0004_0018_0055_0055.jpg 1 4 18 55 55
0018_0018_0007_0068_0068.jpg 1 18 7 68 68
0019_0019_0014_0048_0048.jpg 1 19 14 48 48
0020_0014_0033_0052_0052.jpg 1 14 33 52 52
0021_0008_0027_0066_0066.jpg 1 8 27 66 66
0022_0026_0010_0057_0057.jpg 1 26 10 57 57
0023_0033_0015_0048_0048.jpg 1 33 15 48 48
0024_0037_0037_0054_0054.jpg 1 37 37 54 54
0025_0027_0027_0068_0068.jpg 1 27 27 68 68
0026_0020_0021_0067_0067.jpg 1 20 21 67 67
0027_0030_0030_0048_0048.jpg 1 30 30 48 48
0028_0022_0023_0065_0065.jpg 1 22 23 65 65
0029_0024_0022_0054_0054.jpg 1 24 22 54 54
0030_0016_0039_0053_0053.jpg 1 16 39 53 53
0031_0040_0006_0054_0054.jpg 1 40 6 54 54
0032_0020_0006_0062_0062.jpg 1 20 6 62 62
0033_0018_0006_0061_0061.jpg 1 18 6 61 61
0034_0027_0010_0063_0063.jpg 1 27 10 63 63
0035_0016_0020_0067_0067.jpg 1 16 20 67 67
0036_0008_0027_0052_0052.jpg 1 8 27 52 52
