0001_0014_0032_0060_0060.jpg 1 14 32 60 60
0002_0014_0035_0054_0054.jpg 1 14 35 54 54
0003_0023_0030_0063_0063.jpg 1 23 30 63 63
0004_0016_0019_0064_0064.jpg 1 16 19 64 64
0005_0032_0010_0054_0054.jpg 1 32 10 54 54
0006_0005_0029_0060_0060.jpg 1 5 29 60 60
0007_0024_0013_0062_0062.jpg 1 24 13 62 62
0008_0015_0024_0060_0060.jpg 1 15 24 60 60
0009_0014_0008_0064_0064.jpg 1 14 8 64 64
0010_0018_0027_0050_0050.jpg 1 18 27 50 50
0011_0033_0006_0058_0058.jpg 1 33 6 58 58
0012_0022_0015_0059_0059.jpg 1 22 15 59 59
0013_0027_0013_0054_0054.jpg 1 27 13 54 54
0014_0016_0015_0049_0049.jpg 1 16 15 49 49
0015_0026_0010_0069_0069.jpg 1 26 10 69 69
0016_0023_0014_0068_0068.jpg 1 23 14 68 68
0017_0008_0026_0055_0055.jpg 1 8 26 55 55
0018_0013_0018_0051_0051.jpg 1 13 18 51 51
0019_0009_0016_0060_0060.jpg 1 9 16 60 60
0020_0022_0008_0061_0061.jpg 1 22 8 61 61
0021_0013_0010_0062_0062.jpg 1 13 10 62 62
0022_0011_0043_0051_0051.jpg 1 11 43 51 51
0023_0024_0005_0065_0065.jpg 1 24 5 65 65
0024_0017_0011_0067_0067.jpg 1 17 11 67 67
0025_0009_0025_0064_0064.jpg 1 9 25 64 64
0026_0025_0038_0048_0048.jpg 1 25 38 48 48
0027_0019_0028_0059_0059.jpg 1 19 28 59 59
0028_0022_0035_0053_0053.jpg 1 22 35 53 53
0029_0020_0031_0053_0053.jpg 1 20 31 53 53
0030_0037_0019_0058_0058.jpg 1 37 19 58 58
0031_0021_0025_0059_0059.jpg 1 21 25 59 59
0032_0034_0008_0048_0048.jpg 1 34 8 48 48
0033_0011_0016_0068_0068.jpg 1 11 16 68 68
0034_0029_0024_0054_0054.jpg 1 29 24 54 54
0035_0029_0009_0063_0063.jpg 1 29 9 63 63
0036_0019_0032_0053_0053.jpg 1 19 32 53 53
