0001_0012_0022_0058_0058.jpg 1 12 22 58 58
0002_0026_0031_0058_0058.jpg 1 26 31 58 58
0003_0034_0037_0057_0057.jpg 1 34 37 57 57
0004_0024_0011_0069_0069.jpg 1 24 11 69 69
0005_0039_0016_0054_0054.jpg 1 39 16 54 54
0006_0032_0027_0049_0049.jpg 1 32 27 49 49
0007_0020_0040_0051_0051.jpg 1 20 40 51 51
0008_0006_0039_0052_0052.jpg 1 6 39 52 52
0009_0014_0031_0060_0060.jpg 1 14 31 60 60
0010_0008_0008_0055_0055.jpg 1 8 8 55 55
0011_0004_0034_0059_0059.jpg 1 4 34 59 59
0012_0021_0033_0059_0059.jpg 1 21 33 59 59
0013_0018_0023_0068_0068.jpg 1 18 23 68 68
0014_0041_0041_0051_0051.jpg 1 41 41 51 51
0015_0008_0009_0058_0058.jpg 1 8 9 58 58
0016_0027_0006_0061_0061.jpg 1 27 6 61 61
0017_0028_0007_0066_0066.jpg 1 28 7 66 66
0018_0040_0007_0049_0049.jpg 1 40 7 49 49
0019_0011_0040_0052_0052.jpg 1 11 40 52 52
0020_0019_0008_0067_0067.jpg 1 19 8 67 67
0021_0024_0012_0062_0062.jpg 1 24 12 62 62
0022_0041_0011_0054_0054.jpg 1 41 11 54 54
0023_0017_0017_0053_0053.jpg 1 17 17 53 53
0024_0030_0024_0063_0063.jpg 1 30 24 63 63
0025_0010_0027_0055_0055.jpg 1 10 27 55 55
0026_0010_0013_0064_0064.jpg 1 10 13 64 64
0027_0008_0034_0057_0057.jpg 1 8 34 57 57
0028_0017_0029_0054_0054.jpg 1 17 29 54 54
0029_0008_0010_0060_0060.jpg 1 8 10 60 60
0030_0028_0007_0057_0057.jpg 1 28 7 57 57
0031_0032_0026_0048_0048.jpg 1 32 26 48 48
0032_0009_0033_0053_0053.jpg 1 9 33 53 53
0033_0013_0015_0064_0064.jpg 1 13 15 64 64
0034_0032_0004_0064_0064.jpg 1 32 4 64 64
0035_0028_0025_0057_0057.jpg 1 28 25 57 57
0036_0022_0010_0063_0063.jpg 1 22 10 63 63
