0001_0024_0034_0056_0056.jpg 1 24 34 56 56
0002_0032_0037_0048_0048.jpg 1 32 37 48 48
0003_0018_0007_0068_0068.jpg 1 18 7 68 68
0004_0038_0036_0051_0051.jpg 1 38 36 51 51
0005_0016_0029_0061_0061.jpg 1 16 29 61 61
0006_0015_0009_0065_0065.jpg 1 15 9 65 65
0007_0025_0038_0049_0049.jpg 1 25 38 49 49
0008_0031_0038_0048_0048.jpg 1 31 38 48 48
0009_0011_0036_0057_0057.jpg 1 11 36 57 57
0010_0019_0004_0069_0069.jpg 1 19 4 69 69
0011_0028_0014_0048_0048.jpg 1 28 14 48 48
0012_0027_0014_0058_0058.jpg 1 27 14 58 58
0013_0031_0016_0048_0048.jpg 1 31 16 48 48
0014_0008_0032_0048_0048.jpg 1 8 32 48 48
0015_0031_0007_0055_0055.jpg 1 31 7 55 55
0016_0020_0035_0055_0055.jpg 1 20 35 55 55
0017_0015_0018_0063_0063.jpg 1 15 18 63 63
0018_0024_0018_0056_0056.jpg 1 24 18 56 56
0019_0030_0021_0063_0063.jpg 1 30 21 63 63
0020_0028_0025_0066_0066.jpg 1 28 25 66 66
0021_0029_0021_0050_0050.jpg 1 29 21 50 50
0022_0029_0031_0053_0053.jpg 1 29 31 53 53
0023_0026_0012_0065_0065.jpg 1 26 12 65 65
0024_0043_0006_0049_0049.jpg 1 43 6 49 49
0025_0010_0017_0057_0057.jpg 1 10 17 57 57
0026_0009_0014_0064_0064.jpg 1 9 14 64 64
0027_0024_0035_0057_0057.jpg 1 24 35 57 57
0028_0009_0013_0050_0050.jpg 1 9 13 50 50
0029_0020_0030_0064_0064.jpg 1 20 30 64 64
0030_0039_0021_0055_0055.jpg 1 39 21 55 55
0031_0021_0026_0057_0057.jpg 1 21 26 57 57
0032_0009_0006_0056_0056.jpg 1 9 6 56 56
0033_0010_0011_0054_0054.jpg 1 10 11 54 54
0034_0038_0010_0050_0050.jpg 1 38 10 50 50
0035_0011_0012_0060_0060.jpg 1 11 12 60 60
0036_0004_0016_0068_0068.jpg 1 4 16 68 68
