0001_0005_0028_0068_0068.jpg 1 5 28 68 68
0002_0027_0008_0054_0054.jpg 1 27 8 54 54
0003_0008_0021_0066_0066.jpg 1 8 21 66 66
0004_0021_0018_0066_0066.jpg 1 21 18 66 66
0005_0011_0021_0060_0060.jpg 1 11 21 60 60
0006_0035_0008_0059_0059.jpg 1 35 8 59 59
0007_0024_0023_0069_0069.jpg 1 24 23 69 69
0008_0032_0030_0062_0062.jpg 1 32 30 62 62
0009_0014_0019_0050_0050.jpg 1 14 19 50 50
0010_0031_0028_0051_0051.jpg 1 31 28 51 51
0011_0028_0032_0055_0055.jpg 1 28 32 55 55
0012_0017_0019_0058_0058.jpg 1 17 19 58 58
0013_0028_0036_0052_0052.jpg 1 28 36 52 52
0014_0021_0032_0053_0053.jpg 1 21 32 53 53
0015_0021_0029_0057_0057.jpg 1 21 29 57 57
0016_0005_0025_0066_0066.jpg 1 5 25 66 66
0017_0033_0032_0056_0056.jpg 1 33 32 56 56
0018_0008_0029_0059_0059.jpg 1 8 29 59 59
0019_0020_0033_0061_0061.jpg 1 20 33 61 61
0020_0005_0018_0056_0056.jpg 1 5 18 56 56
0021_0020_0024_0066_0066.jpg 1 20 24 66 66
0022_0038_0041_0053_0053.jpg 1 38 41 53 53
0023_0033_0005_0058_0058.jpg 1 33 5 58 58
0024_0032_0014_0056_0056.jpg 1 32 14 56 56
0025_0012_0038_0051_0051.jpg 1 12 38 51 51
0026_0013_0005_0054_0054.jpg 1 13 5 54 54
0027_0007_0028_0057_0057.jpg 1 7 28 57 57
0028_0025_0022_0061_0061.jpg 1 25 22 61 61
0029_0009_0005_0061_0061.jpg 1 9 5 61 61
0030_0021_0020_0069_0069.jpg 1 21 20 69 69
0031_0016_0024_0068_0068.jpg 1 16 24 68 68
0032_0014_0018_0063_0063.jpg 1 14 18 63 63
0033_0025_0008_0050_0050.jpg 1 25 8 50 50
0034_0008_0003_0066_0066.jpg 1 8 3 66 66
0035_0021_0008_0051_0051.jpg 1 21 8 51 51
0036_0014_0010_0067_0067.jpg 1 14 10 67 67
