0001_0027_0022_0065_0065.jpg 1 27 22 65 65
0002_0031_0015_0049_0049.jpg 1 31 15 49 49
0003_0033_0017_0056_0056.jpg 1 33 17 56 56
0004_0016_0032_0054_0054.jpg 1 16 32 54 54
0005_0022_0022_0068_0068.jpg 1 22 22 68 68
0006_0038_0013_0057_0057.jpg 1 38 13 57 57
0007_0034_0038_0055_0055.jpg 1 34 38 55 55
0008_0029_0004_0059_0059.jpg 1 29 4 59 59
0009_0014_0010_0060_0060.jpg 1 14 10 60 60
0010_0020_0021_0054_0054.jpg 1 20 21 54 54
0011_0017_0003_0065_0065.jpg 1 17 3 65 65
0012_0015_0018_0062_0062.jpg 1 15 18 62 62
0013_0017_0031_0054_0054.jpg 1 17 31 54 54
0014_0032_0023_0050_0050.jpg 1 32 23 50 50
0015_0019_0010_0052_0052.jpg 1 19 10 52 52
0016_0008_0037_0049_0049.jpg 1 8 37 49 49
0017_0039_0024_0050_0050.jpg 1 39 24 50 50
0018_0026_0009_0055_0055.jpg 1 26 9 55 55
0019_0006_0028_0058_0058.jpg 1 6 28 58 58
0020_0036_0024_0052_0052.jpg 1 36 24 52 52
0021_0013_0009_0067_0067.jpg 1 13 9 67 67
0022_0013_0011_0063_0063.jpg 1 13 11 63 63
0023_0028_0011_0064_0064.jpg 1 28 11 64 64
0024_0007_0005_0062_0062.jpg 1 7 5 62 62
0025_0033_0013_0059_0059.jpg 1 33 13 59 59
0026_0027_0024_0050_0050.jpg 1 27 24 50 50
0027_0024_0019_0069_0069.jpg 1 24 19 69 69
0028_0024_0036_0054_0054.jpg 1 24 36 54 54
0029_0025_0007_0055_0055.jpg 1 25 7 55 55
0030_0010_0029_0058_0058.jpg 1 10 29 58 58
0031_0029_0032_0058_0058.jpg 1 29 32 58 58
0032_0005_0025_0053_0053.jpg 1 5 25 53 53
0033_0015_0025_0058_0058.jpg 1 15 25 58 58
0034_0028_0028_0061_0061.jpg 1 28 28 61 61
0035_0007_0021_0066_0066.jpg 1 7 21 66 66
0036_0033_0016_0049_0049.jpg 1 33 16 49 49
