0001_0025_0026_0051_0051.jpg 1 25 26 51 51
0002_0014_0019_0053_0053.jpg 1 14 19 53 53
0003_0021_0013_0053_0053.jpg 1 21 13 53 53
0004_0024_0028_0051_0051.jpg 1 24 28 51 51
0005_0018_0027_0059_0059.jpg 1 18 27 59 59
0006_0003_0021_0069_0069.jpg 1 3 21 69 69
0007_0035_0027_0059_0059.jpg 1 35 27 59 59
0008_0005_0041_0053_0053.jpg 1 5 41 53 53
0009_0026_0007_0067_0067.jpg 1 26 7 67 67
0010_0011_0030_0063_0063.jpg 1 11 30 63 63
0011_0021_0032_0055_0055.jpg 1 21 32 55 55
0012_0020_0012_0066_0066.jpg 1 20 12 66 66
0013_0016_0028_0052_0052.jpg 1 16 28 52 52
0014_0026_0007_0048_0048.jpg 1 26 7 48 48
0015_0027_0025_0059_0059.jpg 1 27 25 59 59
0016_0019_0020_0053_0053.jpg 1 19 20 53 53
0017_0022_0030_0055_0055.jpg 1 22 30 55 55
0018_0029_0014_0065_0065.jpg 1 29 14 65 65
0019_0024_0019_0062_0062.jpg 1 24 19 62 62
0020_0029_0032_0058_0058.jpg 1 29 32 58 58
0021_0025_0019_0066_0066.jpg 1 25 19 66 66
0022_0013_0015_0063_0063.jpg 1 13 15 63 63
0023_0008_0035_0056_0056.jpg 1 8 35 56 56
0024_0021_0007_0048_0048.jpg 1 21 7 48 48
0025_0018_0018_0055_0055.jpg 1 18 18 55 55
0026_0010_0009_0055_0055.jpg 1 10 9 55 55
0027_0005_0027_0061_0061.jpg 1 5 27 61 61
0028_0008_0032_0055_0055.jpg 1 8 32 55 55
0029_0009_0012_0065_0065.jpg 1 9 12 65 65
0030_0017_0028_0063_0063.jpg 1 17 28 63 63
0031_0006_0020_0062_0062.jpg 1 6 20 62 62
0032_0036_0013_0059_0059.jpg 1 36 13 59 59
0033_0005_0018_0052_0052.jpg 1 5 18 52 52
0034_0007_0015_0050_0050.jpg 1 7 15 50 50
0035_0010_0016_0069_0069.jpg 1 10 16 69 69
0036_0036_0019_0058_0058.jpg 1 36 19 58 58
