0001_0013_0020_0056_0056.jpg 1 13 20 56 56
0002_0031_0006_0052_0052.jpg 1 31 6 52 52
0003_0019_0005_0049_0049.jpg 1 19 5 49 49
0004_0008_0027_0056_0056.jpg 1 8 27 56 56
0005_0011_0027_0059_0059.jpg 1 11 27 59 59
0006_0020_0020_0051_0051.jpg 1 20 20 51 51
0007_0027_0018_0053_0053.jpg 1 27 18 53 53
0008_0023_0041_0048_0048.jpg 1 23 41 48 48
0009_0024_0023_0063_0063.jpg 1 24 23 63 63
0010_0025_0027_0065_0065.jpg 1 25 27 65 65
0011_0037_0022_0053_0053.jpg 1 37 22 53 53
0012_0025_0021_0054_0054.jpg 1 25 21 54 54
0013_0014_0029_0048_0048.jpg 1 14 29 48 48
0014_0036_0012_0056_0056.jpg 1 36 12 56 56
0015_0042_0025_0049_0049.jpg 1 42 25 49 49
0016_0027_0018_0056_0056.jpg 1 27 18 56 56
0017_0022_0011_0051_0051.jpg 1 22 11 51 51
0018_0019_0005_0061_0061.jpg 1 19 5 61 61
0019_0005_0012_0065_0065.jpg 1 5 12 65 65
0020_0017_0004_0069_0069.jpg 1 17 4 69 69
0021_0013_0020_0063_0063.jpg 1 13 20 63 63
0022_0031_0007_0057_0057.jpg 1 31 7 57 57
0023_0034_0021_0056_0056.jpg 1 34 21 56 56
0024_0040_0044_0049_0049.jpg 1 40 44 49 49
0025_0016_0026_0059_0059.jpg 1 16 26 59 59
0026_0022_0009_0055_0055.jpg 1 22 9 55 55
0027_0039_0039_0053_0053.jpg 1 39 39 53 53
0028_0033_0035_0049_0049.jpg 1 33 35 49 49
0029_0032_0017_0056_0056.jpg 1 32 17 56 56
0030_0017_0033_0058_0058.jpg 1 17 33 58 58
0031_0028_0019_0068_0068.jpg 1 28 19 68 68
0032_0007_0030_0057_0057.jpg 1 7 30 57 57
0033_0015_0033_0056_0056.jpg 1 15 33 56 56
0034_0021_0032_0064_0064.jpg 1 21 32 64 64
0035_0026_0032_0051_0051.jpg 1 26 32 51 51
0036_0033_0036_0055_0055.jpg 1 33 36 55 55
