0001_0010_0005_0061_0061.jpg 1 10 5 61 61
0002_0014_0029_0062_0062.jpg 1 14 29 62 62
0003_0009_0007_0058_0058.jpg 1 9 7 58 58
0004_0004_0025_0063_0063.jpg 1 4 25 63 63
0005_0019_0004_0061_0061.jpg 1 19 4 61 61
0006_0028_0033_0054_0054.jpg 1 28 33 54 54
0007_0007_0015_0052_0052.jpg 1 7 15 52 52
0008_0030_0019_0057_0057.jpg 1 30 19 57 57
0009_0028_0011_0065_0065.jpg 1 28 11 65 65
0010_0026_0024_0059_0059.jpg 1 26 24 59 59
0011_0015_0011_0060_0060.jpg 1 15 11 60 60
0012_0027_0027_0052_0052.jpg 1 27 27 52 52
0013_0008_0029_0049_0049.jpg 1 8 29 49 49
0014_0031_0025_0058_0058.jpg 1 31 25 58 58
0015_0030_0039_0052_0052.jpg 1 30 39 52 52
0016_0034_0007_0056_0056.jpg 1 34 7 56 56
0017_0019_0029_0048_0048.jpg 1 19 29 48 48
0018_0030_0031_0052_0052.jpg 1 30 31 52 52
0019_0014_0014_0049_0049.jpg 1 14 14 49 49
0020_0018_0007_0068_0068.jpg 1 18 7 68 68
0021_0020_0014_0069_0069.jpg 1 20 14 69 69
0022_0039_0028_0054_0054.jpg 1 39 28 54 54
0023_0014_0020_0068_0068.jpg 1 14 20 68 68
0024_0032_0010_0053_0053.jpg 1 32 10 53 53
0025_0040_0019_0050_0050.jpg 1 40 19 50 50
0026_0022_0018_0051_0051.jpg 1 22 18 51 51
0027_0015_0022_0062_0062.jpg 1 15 22 62 62
0028_0033_0016_0056_0056.jpg 1 33 16 56 56
0029_0021_0015_0066_0066.jpg 1 21 15 66 66
0030_0023_0009_0069_0069.jpg 1 23 9 69 69
0031_0012_0022_0065_0065.jpg 1 12 22 65 65
0032_0018_0005_0056_0056.jpg 1 18 5 56 56
0033_0005_0020_0061_0061.jpg 1 5 20 61 61
0034_0029_0014_0066_0066.jpg 1 29 14 66 66
0035_0010_0004_0067_0067.jpg 1 10 4 67 67
0036_0013_0018_0063_0063.jpg 1 13 18 63 63
