0001_0006_0029_0053_0053.jpg 1 6 29 53 53
0002_0011_0026_0059_0059.jpg 1 11 26 59 59
0003_0004_0010_0061_0061.jpg 1 4 10 61 61
0004_0011_0026_0066_0066.jpg 1 11 26 66 66
0005_0013_0020_0057_0057.jpg 1 13 20 57 57
0006_0025_0031_0050_0050.jpg 1 25 31 50 50
0007_0030_0031_0054_0054.jpg 1 30 31 54 54
0008_0005_0005_0052_0052.jpg 1 5 5 52 52
0009_0023_0012_0068_0068.jpg 1 23 12 68 68
0010_0023_0024_0062_0062.jpg 1 23 24 62 62
0011_0017_0034_0053_0053.jpg 1 17 34 53 53
0012_0016_0017_0052_0052.jpg 1 16 17 52 52
0013_0017_0033_0058_0058.jpg 1 17 33 58 58
0014_0008_0015_0067_0067.jpg 1 8 15 67 67
0015_0035_0026_0060_0060.jpg 1 35 26 60 60
0016_0013_0020_0055_0055.jpg 1 13 20 55 55
0017_0021_0020_0065_0065.jpg 1 21 20 65 65
0018_0011_0043_0049_0049.jpg 1 11 43 49 49
0019_0038_0014_0054_0054.jpg 1 38 14 54 54
0020_0023_0030_0065_0065.jpg 1 23 30 65 65
0021_0006_0032_0059_0059.jpg 1 6 32 59 59
0022_0010_0022_0068_0068.jpg 1 10 22 68 68
0023_0024_0010_0066_0066.jpg 1 24 10 66 66
0024_0015_0019_0057_0057.jpg 1 15 19 57 57
0025_0023_0017_0067_0067.jpg 1 23 17 67 67
0026_0026_0011_0059_0059.jpg 1 26 11 59 59
0027_0027_0030_0053_0053.jpg 1 27 30 53 53
0028_0025_0017_0062_0062.jpg 1 25 17 62 62
0029_0022_0022_0057_0057.jpg 1 22 22 57 57
0030_0024_0010_0050_0050.jpg 1 24 10 50 50
0031_0025_0023_0061_0061.jpg 1 25 23 61 61
0032_0015_0036_0058_0058.jpg 1 15 36 58 58
0033_0019_0019_0068_0068.jpg 1 19 19 68 68
0034_0021_0019_0068_0068.jpg 1 21 19 68 68
0035_0016_0017_0059_0059.jpg 1 16 17 59 59
0036_0007_0022_0068_0068.jpg 1 7 22 68 68
