0001_0014_0029_0059_0059.jpg 1 14 29 59 59
0002_0018_0028_0048_0048.jpg 1 18 28 48 48
0003_0007_0016_0066_0066.jpg 1 7 16 66 66
0004_0010_0030_0062_0062.jpg 1 10 30 62 62
0005_0022_0023_0059_0059.jpg 1 22 23 59 59
0006_0037_0014_0051_0051.jpg 1 37 14 51 51
0007_0028_0003_0067_0067.jpg 1 28 3 67 67
0008_0038_0023_0051_0051.jpg 1 38 23 51 51
0009_0019_0020_0061_0061.jpg 1 19 20 61 61
0010_0013_0007_0062_0062.jpg 1 13 7 62 62
0011_0042_0019_0051_0051.jpg 1 42 19 51 51
0012_0028_0037_0054_0054.jpg 1 28 37 54 54
0013_0006_0009_0067_0067.jpg 1 6 9 67 67
0014_0031_0008_0058_0058.jpg 1 31 8 58 58
0015_0014_0005_0048_0048.jpg 1 14 5 48 48
0016_0030_0020_0061_0061.jpg 1 30 20 61 61
0017_0020_0022_0058_0058.jpg 1 20 22 58 58
0018_0004_0006_0062_0062.jpg 1 4 6 62 62
0019_0039_0033_0053_0053.jpg 1 39 33 53 53
0020_0021_0015_0052_0052.jpg 1 21 15 52 52
0021_0013_0020_0067_0067.jpg 1 13 20 67 67
0022_0014_0010_0065_0065.jpg 1 14 10 65 65
0023_0013_0008_0056_0056.jpg 1 13 8 56 56
0024_0014_0036_0054_0054.jpg 1 14 36 54 54
0025_0005_0006_0064_0064.jpg 1 5 6 64 64
0026_0015_0010_0064_0064.jpg 1 15 10 64 64
0027_0022_0009_0056_0056.jpg 1 22 9 56 56
0028_0008_0012_0062_0062.jpg 1 8 12 62 62
0029_0018_0026_0060_0060.jpg 1 18 26 60 60
0030_0011_0014_0051_0051.jpg 1 11 14 51 51
0031_0018_0021_0069_0069.jpg 1 18 21 69 69
0032_0012_0015_0064_0064.jpg 1 12 15 64 64
0033_0007_0010_0055_0055.jpg 1 7 10 55 55
0034_0018_0026_0069_0069.jpg 1 18 26 69 69
0035_0006_0015_0067_0067.jpg 1 6 15 67 67
0036_0041_0026_0053_0053.jpg 1 41 26 53 53
