0001_0018_0010_0065_0065.jpg 1 18 10 65 65
0002_0011_0022_0053_0053.jpg 1 11 22 53 53
0003_0028_0012_0048_0048.jpg 1 28 12 48 48
0004_0004_0004_0069_0069.jpg 1 4 4 69 69
0005_0024_0026_0053_0053.jpg 1 24 26 53 53
0006_0019_0037_0050_0050.jpg 1 19 37 50 50
0007_0010_0033_0053_0053.jpg 1 10 33 53 53
0008_0036_0008_0058_0058.jpg 1 36 8 58 58
0009_0017_0028_0065_0065.jpg 1 17 28 65 65
0010_0019_0041_0052_0052.jpg 1 19 41 52 52
0011_0010_0028_0054_0054.jpg 1 10 28 54 54
0012_0006_0026_0057_0057.jpg 1 6 26 57 57
0013_0028_0026_0061_0061.jpg 1 28 26 61 61
0014_0035_0026_0054_0054.jpg 1 35 26 54 54
0015_0019_0007_0054_0054.jpg 1 19 7 54 54
0016_0017_0020_0048_0048.jpg 1 17 20 48 48
0017_0013_0030_0051_0051.jpg 1 13 30 51 51
0018_0029_0038_0056_0056.jpg 1 29 38 56 56
0019_0008_0026_0066_0066.jpg 1 8 26 66 66
0020_0027_0035_0058_0058.jpg 1 27 35 58 58
0021_0024_0014_0064_0064.jpg 1 24 14 64 64
0022_0007_0033_0051_0051.jpg 1 7 33 51 51
0023_0018_0005_0059_0059.jpg 1 18 5 59 59
0024_0039_0029_0049_0049.jpg 1 39 29 49 49
0025_0031_0028_0049_0049.jpg 1 31 28 49 49
0026_0012_0022_0065_0065.jpg 1 12 22 65 65
0027_0029_0033_0051_0051.jpg 1 29 33 51 51
0028_0020_0030_0058_0058.jpg 1 20 30 58 58
0029_0015_0013_0061_0061.jpg 1 15 13 61 61
0030_0018_0014_0055_0055.jpg 1 18 14 55 55
0031_0023_0009_0054_0054.jpg 1 23 9 54 54
0032_0019_0026_0062_0062.jpg 1 19 26 62 62
0033_0042_0021_0052_0052.jpg 1 42 21 52 52
0034_0024_0032_0050_0050.jpg 1 24 32 50 50
0035_0014_0033_0057_0057.jpg 1 14 33 57 57
0036_0033_0024_0052_0052.jpg 1 33 24 52 52
