0001_0014_0020_0063_0063.jpg 1 14 20 63 63
0002_0022_0030_0065_0065.jpg 1 22 30 65 65
0003_0037_0042_0048_0048.jpg 1 37 42 48 48
0004_0006_0006_0050_0050.jpg 1 6 6 50 50
0005_0018_0007_0060_0060.jpg 1 18 7 60 60
0006_0004_0018_0066_0066.jpg 1 4 18 66 66
0007_0008_0025_0064_0064.jpg 1 8 25 64 64
0008_0033_0006_0059_0059.jpg 1 33 6 59 59
0009_0015_0018_0052_0052.jpg 1 15 18 52 52
0010_0033_0036_0054_0054.jpg 1 33 36 54 54
0011_0012_0041_0048_0048.jpg 1 12 41 48 48
0012_0021_0014_0062_0062.jpg 1 21 14 62 62
0013_0019_0027_0061_0061.jpg 1 19 27 61 61
0014_0030_0029_0060_0060.jpg 1 30 29 60 60
0015_0032_0029_0053_0053.jpg 1 32 29 53 53
0016_0022_0026_0050_0050.jpg 1 22 26 50 50
0017_0028_0019_0059_0059.jpg 1 28 19 59 59
0018_0032_0025_0053_0053.jpg 1 32 25 53 53
0019_0017_0023_0055_0055.jpg 1 17 23 55 55
0020_0022_0025_0064_0064.jpg 1 22 25 64 64
0021_0026_0036_0049_0049.jpg 1 26 36 49 49
0022_0009_0018_0062_0062.jpg 1 9 18 62 62
0023_0031_0032_0051_0051.jpg 1 31 32 51 51
0024_0023_0030_0060_0060.jpg 1 23 30 60 60
0025_0030_0006_0051_0051.jpg 1 30 6 51 51
0026_0026_0021_0054_0054.jpg 1 26 21 54 54
0027_0012_0032_0056_0056.jpg 1 12 32 56 56
0028_0011_0013_0066_0066.jpg 1 11 13 66 66
0029_0005_0021_0061_0061.jpg 1 5 21 61 61
0030_0032_0011_0063_0063.jpg 1 32 11 63 63
0031_0020_0006_0059_0059.jpg 1 20 6 59 59
0032_0034_0030_0049_0049.jpg 1 34 30 49 49
0033_0020_0044_0050_0050.jpg 1 20 44 50 50
0034_0029_0027_0063_0063.jpg 1 29 27 63 63
0035_0022_0034_0052_0052.jpg 1 22 34 52 52
0036_0028_0018_0066_0066.jpg 1 28 18 66 66
