0001_0005_0016_0067_0067.jpg 1 5 16 67 67
0002_0034_0011_0055_0055.jpg 1 34 11 55 55
0003_0023_0007_0067_0067.jpg 1 23 7 67 67
0004_0038_0005_0049_0049.jpg 1 38 5 49 49
0005_0030_0022_0065_0065.jpg 1 30 22 65 65
0006_0027_0009_0056_0056.jpg 1 27 9 56 56
0007_0022_0010_0056_0056.jpg 1 22 10 56 56
0008_0015_0026_0062_0062.jpg 1 15 26 62 62
0009_0027_0006_0065_0065.jpg 1 27 6 65 65
0010_0016_0030_0065_0065.jpg 1 16 30 65 65
0011_0011_0015_0065_0065.jpg 1 11 15 65 65
0012_0015_0022_0059_0059.jpg 1 15 22 59 59
0013_0005_0004_0068_0068.jpg 1 5 4 68 68
0014_0014_0011_0069_0069.jpg 1 14 11 69 69
0015_0016_0023_0067_0067.jpg 1 16 23 67 67
0016_0006_0024_0065_0065.jpg 1 6 24 65 65
0017_0030_0022_0063_0063.jpg 1 30 22 63 63
0018_0015_0013_0065_0065.jpg 1 15 13 65 65
0019_0019_0008_0064_0064.jpg 1 19 8 64 64
0020_0023_0033_0050_0050.jpg 1 23 33 50 50
0021_0007_0034_0052_0052.jpg 1 7 34 52 52
0022_0006_0031_0063_0063.jpg 1 6 31 63 63
0023_0027_0022_0061_0061.jpg 1 27 22 61 61
0024_0032_0012_0059_0059.jpg 1 32 12 59 59
0025_0006_0014_0061_0061.jpg 1 6 14 61 61
0026_0012_0009_0051_0051.jpg 1 12 9 51 51
0027_0009_0008_0060_0060.jpg 1 9 8 60 60
0028_0024_0023_0059_0059.jpg 1 24 23 59 59
0029_0020_0018_0051_0051.jpg 1 20 18 51 51
0030_0010_0011_0065_0065.jpg 1 10 11 65 65
0031_0007_0009_0059_0059.jpg 1 7 9 59 59
0032_0005_0009_0061_0061.jpg 1 5 9 61 61
0033_0024_0014_0054_0054.jpg 1 24 14 54 54
0034_0024_0018_0067_0067.jpg 1 24 18 67 67
0035_0027_0012_0068_0068.jpg 1 27 12 68 68
0036_0025_0010_0067_0067.jpg 1 25 10 67 67
