0001_0018_0027_0060_0060.jpg 1 18 27 60 60
0002_0020_0025_0068_0068.jpg 1 20 25 68 68
0003_0010_0013_0058_0058.jpg 1 10 13 58 58
0004_0015_0014_0067_0067.jpg 1 15 14 67 67
0005_0024_0017_0061_0061.jpg 1 24 17 61 61
0006_0026_0007_0061_0061.jpg 1 26 7 61 61
0007_0028_0018_0063_0063.jpg 1 28 18 63 63
0008_0004_0005_0065_0065.jpg 1 4 5 65 65
0009_0017_0003_0069_0069.jpg 1 17 3 69 69
0010_0028_0034_0055_0055.jpg 1 28 34 55 55
0011_0005_0021_0062_0062.jpg 1 5 21 62 62
0012_0022_0036_0051_0051.jpg 1 22 36 51 51
0013_0027_0021_0056_0056.jpg 1 27 21 56 56
0014_0027_0025_0063_0063.jpg 1 27 25 63 63
0015_0007_0024_0068_0068.jpg 1 7 24 68 68
0016_0028_0037_0050_0050.jpg 1 28 37 50 50
0017_0015_0026_0058_0058.jpg 1 15 26 58 58
0018_0031_0018_0058_0058.jpg 1 31 18 58 58
0019_0038_0041_0050_0050.jpg 1 38 41 50 50
0020_0014_0026_0064_0064.jpg 1 14 26 64 64
0021_0021_0006_0066_0066.jpg 1 21 6 66 66
0022_0011_0041_0051_0051.jpg 1 11 41 51 51
0023_0010_0011_0066_0066.jpg 1 10 11 66 66
0024_0019_0028_0059_0059.jpg 1 19 28 59 59
0025_0024_0029_0062_0062.jpg 1 24 29 62 62
0026_0005_0009_0065_0065.jpg 1 5 9 65 65
0027_0018_0007_0062_0062.jpg 1 18 7 62 62
0028_0016_0025_0061_0061.jpg 1 16 25 61 61
0029_0033_0031_0053_0053.jpg 1 33 31 53 53
0030_0012_0009_0057_0057.jpg 1 12 9 57 57
0031_0020_0025_0067_0067.jpg 1 20 25 67 67
0032_0030_0019_0060_0060.jpg 1 30 19 60 60
0033_0015_0039_0055_0055.jpg 1 15 39 55 55
0034_0028_0027_0058_0058.jpg 1 28 27 58 58
0035_0008_0025_0056_0056.jpg 1 8 25 56 56
0036_0005_0026_0053_0053.jpg 1 5 26 53 53
