0001_0020_0016_0059_0059.jpg 1 20 16 59 59
0002_0028_0026_0064_0064.jpg 1 28 26 64 64
0003_0034_0014_0057_0057.jpg 1 34 14 57 57
0004_0015_0021_0066_0066.jpg 1 15 21 66 66
0005_0026_0028_0066_0066.jpg 1 26 28 66 66
0006_0029_0031_0056_0056.jpg 1 29 31 56 56
0007_0034_0033_0056_0056.jpg 1 34 33 56 56
0008_0015_0025_0053_0053.jpg 1 15 25 53 53
0009_0010_0015_0059_0059.jpg 1 10 15 59 59
0010_0008_0007_0062_0062.jpg 1 8 7 62 62
0011_0026_0026_0052_0052.jpg 1 26 26 52 52
0012_0013_0013_0059_0059.jpg 1 13 13 59 59
0013_0031_0036_0058_0058.jpg 1 31 36 58 58
0014_0007_0007_0050_0050.jpg 1 7 7 50 50
0015_0031_0012_0057_0057.jpg 1 31 12 57 57
0016_0022_0022_0060_0060.jpg 1 22 22 60 60
0017_0036_0042_0048_0048.jpg 1 36 42 48 48
0018_0009_0010_0056_0056.jpg 1 9 10 56 56
0019_0030_0037_0050_0050.jpg 1 30 37 50 50
0020_0032_0025_0052_0052.jpg 1 32 25 52 52
0021_0018_0016_0063_0063.jpg 1 18 16 63 63
0022_0034_0018_0054_0054.jpg 1 34 18 54 54
0023_0004_0027_0065_0065.jpg 1 4 27 65 65
0024_0010_0003_0066_0066.jpg 1 10 3 66 66
0025_0017_0010_0055_0055.jpg 1 17 10 55 55
0026_0019_0009_0060_0060.jpg 1 19 9 60 60
0027_0014_0028_0058_0058.jpg 1 14 28 58 58
0028_0015_0021_0049_0049.jpg 1 15 21 49 49
0029_0006_0020_0069_0069.jpg 1 6 20 69 69
0030_0037_0025_0056_0056.jpg 1 37 25 56 56
0031_0007_0008_0055_0055.jpg 1 7 8 55 55
0032_0014_0028_0057_0057.jpg 1 14 28 57 57
0033_0025_0018_0054_0054.jpg 1 25 18 54 54
0034_0022_0039_0051_0051.jpg 1 22 39 51 51
0035_0005_0040_0052_0052.jpg 1 5 40 52 52
0036_0017_0004_0066_0066.jpg 1 17 4 66 66
