0001_0008_0027_0059_0059.jpg 1 8 27 59 59
0002_0024_0025_0066_0066.jpg 1 24 25 66 66
0003_0015_0007_0063_0063.jpg 1 15 7 63 63
0004_0019_0022_0057_0057.jpg 1 19 22 57 57
0005_0026_0008_0061_0061.jpg 1 26 8 61 61
0006_0015_0022_0055_0055.jpg 1 15 22 55 55
0007_0029_0012_0063_0063.jpg 1 29 12 63 63
0008_0008_0025_0060_0060.jpg 1 8 25 60 60
0009_0020_0004_0069_0069.jpg 1 20 4 69 69
0010_0026_0007_0067_0067.jpg 1 26 7 67 67
0011_0017_0021_0050_0050.jpg 1 17 21 50 50
0012_0033_0019_0049_0049.jpg 1 33 19 49 49
0013_0032_0005_0056_0056.jpg 1 32 5 56 56
0014_0032_0019_0062_0062.jpg 1 32 19 62 62
0015_0005_0035_0055_0055.jpg 1 5 35 55 55
0016_0035_0013_0053_0053.jpg 1 35 13 53 53
0017_0019_0022_0062_0062.jpg 1 19 22 62 62
0018_0028_0019_0052_0052.jpg 1 28 19 52 52
0019_0021_0020_0065_0065.jpg 1 21 20 65 65
0020_0026_0024_0064_0064.jpg 1 26 24 64 64
0021_0008_0027_0056_0056.jpg 1 8 27 56 56
0022_0029_0031_0063_0063.jpg 1 29 31 63 63
0023_0019_0017_0060_0060.jpg 1 19 17 60 60
0024_0016_0030_0065_0065.jpg 1 16 30 65 65
0025_0041_0041_0049_0049.jpg 1 41 41 49 49
0026_0040_0013_0054_0054.jpg 1 40 13 54 54
0027_0037_0009_0056_0056.jpg 1 37 9 56 56
0028_0007_0016_0064_0064.jpg 1 7 16 64 64
0029_0008_0011_0067_0067.jpg 1 8 11 67 67
0030_0003_0027_0064_0064.jpg 1 3 27 64 64
0031_0026_0027_0060_0060.jpg 1 26 27 60 60
0032_0007_0029_0066_0066.jpg 1 7 29 66 66
0033_0025_0012_0064_0064.jpg 1 25 12 64 64
0034_0017_0015_0069_0069.jpg 1 17 15 69 69
0035_0012_0016_0061_0061.jpg 1 12 16 61 61
0036_0007_0020_0049_0049.jpg 1 7 20 49 49
