0001_0014_0010_0058_0058.jpg 1 14 10 58 58
0002_0017_0014_0054_0054.jpg 1 17 14 54 54
0003_0024_0021_0057_0057.jpg 1 24 21 57 57
0004_0018_0009_0059_0059.jpg 1 18 9 59 59
0005_0035_0040_0052_0052.jpg 1 35 40 52 52
0006_0042_0043_0051_0051.jpg 1 42 43 51 51
0007_0004_0014_0057_0057.jpg 1 4 14 57 57
0008_0004_0025_0053_0053.jpg 1 4 25 53 53
0009_0039_0010_0052_0052.jpg 1 39 10 52 52
0010_0016_0004_0067_0067.jpg 1 16 4 67 67
0011_0009_0032_0063_0063.jpg 1 9 32 63 63
0012_0043_0020_0052_0052.jpg 1 43 20 52 52
0013_0040_0028_0048_0048.jpg 1 40 28 48 48
0014_0033_0034_0060_0060.jpg 1 33 34 60 60
0015_0016_0008_0055_0055.jpg 1 16 8 55 55
0016_0010_0027_0061_0061.jpg 1 10 27 61 61
0017_0029_0004_0062_0062.jpg 1 29 4 62 62
0018_0005_0008_0066_0066.jpg 1 5 8 66 66
0019_0021_0015_0065_0065.jpg 1 21 15 65 65
0020_0025_0005_0065_0065.jpg 1 25 5 65 65
0021_0020_0029_0062_0062.jpg 1 20 29 62 62
0022_0007_0020_0048_0048.jpg 1 7 20 48 48
0023_0027_0037_0051_0051.jpg 1 27 37 51 51
0024_0006_0029_0059_0059.jpg 1 6 29 59 59
0025_0025_0039_0053_0053.jpg 1 25 39 53 53
0026_0025_0006_0064_0064.jpg 1 25 6 64 64
0027_0024_0019_0069_0069.jpg 1 24 19 69 69
0028_0017_0030_0055_0055.jpg 1 17 30 55 55
0029_0027_0026_0055_0055.jpg 1 27 26 55 55
0030_0019_0004_0054_0054.jpg 1 19 4 54 54
0031_0015_0032_0057_0057.jpg 1 15 32 57 57
0032_0019_0022_0048_0048.jpg 1 19 22 48 48
0033_0027_0033_0060_0060.jpg 1 27 33 60 60
0034_0026_0008_0049_0049.jpg 1 26 8 49 49
0035_0019_0005_0062_0062.jpg 1 19 5 62 62
0036_0033_0028_0057_0057.jpg 1 33 28 57 57
