0001_0024_0010_0064_0064.jpg 1 24 10 64 64
0002_0012_0016_0063_0063.jpg 1 12 16 63 63
0003_0033_0025_0053_0053.jpg 1 33 25 53 53
0004_0007_0034_0048_0048.jpg 1 7 34 48 48
0005_0020_0013_0065_0065.jpg 1 20 13 65 65
0006_0037_0015_0058_0058.jpg 1 37 15 58 58
0007_0029_0029_0059_0059.jpg 1 29 29 59 59
0008_0013_0003_0065_0065.jpg 1 13 3 65 65
0009_0036_0019_0055_0055.jpg 1 36 19 55 55
0010_0007_0036_0049_0049.jpg 1 7 36 49 49
0011_0015_0018_0054_0054.jpg 1 15 18 54 54
0012_0024_0010_0065_0065.jpg 1 24 10 65 65
0013_0023_0012_0065_0065.jpg 1 23 12 65 65
0014_0011_0024_0052_0052.jpg 1 11 24 52 52
0015_0038_0026_0049_0049.jpg 1 38 26 49 49
0016_0014_0023_0067_0067.jpg 1 14 23 67 67
0017_0025_0025_0062_0062.jpg 1 25 25 62 62
0018_0038_0031_0056_0056.jpg 1 38 31 56 56
0019_0008_0013_0066_0066.jpg 1 8 13 66 66
0020_0025_0019_0064_0064.jpg 1 25 19 64 64
0021_0016_0035_0057_0057.jpg 1 16 35 57 57
0022_0009_0029_0053_0053.jpg 1 9 29 53 53
0023_0026_0040_0050_0050.jpg 1 26 40 50 50
0024_0038_0025_0049_0049.jpg 1 38 25 49 49
0025_0014_0010_0055_0055.jpg 1 14 10 55 55
0026_0035_0029_0059_0059.jpg 1 35 29 59 59
0027_0024_0027_0052_0052.jpg 1 24 27 52 52
0028_0015_0028_0068_0068.jpg 1 15 28 68 68
0029_0024_0009_0051_0051.jpg 1 24 9 51 51
0030_0033_0041_0050_0050.jpg 1 33 41 50 50
0031_0016_0011_0065_0065.jpg 1 16 11 65 65
0032_0017_0021_0064_0064.jpg 1 17 21 64 64
0033_0016_0013_0054_0054.jpg 1 16 13 54 54
0034_0032_0008_0054_0054.jpg 1 32 8 54 54
0035_0029_0039_0055_0055.jpg 1 29 39 55 55
0036_0015_0013_0057_0057.jpg 1 15 13 57 57
