0001_0008_0025_0057_0057.jpg 1 8 25 57 57
0002_0017_0026_0049_0049.jpg 1 17 26 49 49
0003_0035_0028_0054_0054.jpg 1 35 28 54 54
0004_0028_0034_0053_0053.jpg 1 28 34 53 53
0005_0013_0016_0064_0064.jpg 1 13 16 64 64
0006_0014_0008_0051_0051.jpg 1 14 8 51 51
0007_0016_0023_0067_0067.jpg 1 16 23 67 67
0008_0042_0005_0048_0048.jpg 1 42 5 48 48
0009_0016_0020_0056_0056.jpg 1 16 20 56 56
0010_0013_0015_0064_0064.jpg 1 13 15 64 64
0011_0023_0032_0060_0060.jpg 1 23 32 60 60
0012_0030_0021_0062_0062.jpg 1 30 21 62 62
0013_0026_0034_0059_0059.jpg 1 26 34 59 59
0014_0007_0017_0052_0052.jpg 1 7 17 52 52
0015_0038_0033_0048_0048.jpg 1 38 33 48 48
0016_0015_0014_0055_0055.jpg 1 15 14 55 55
0017_0042_0028_0048_0048.jpg 1 42 28 48 48
0018_0025_0019_0052_0052.jpg 1 25 19 52 52
0019_0007_0018_0068_0068.jpg 1 7 18 68 68
0020_0025_0036_0057_0057.jpg 1 25 36 57 57
0021_0024_0019_0064_0064.jpg 1 24 19 64 64
0022_0020_0004_0057_0057.jpg 1 20 4 57 57
0023_0013_0022_0054_0054.jpg 1 13 22 54 54
0024_0023_0022_0067_0067.jpg 1 23 22 67 67
0025_0007_0004_0059_0059.jpg 1 7 4 59 59
0026_0005_0009_0066_0066.jpg 1 5 9 66 66
0027_0014_0040_0051_0051.jpg 1 14 40 51 51
0028_0015_0025_0055_0055.jpg 1 15 25 55 55
0029_0021_0019_0061_0061.jpg 1 21 19 61 61
0030_0011_0017_0055_0055.jpg 1 11 17 55 55
0031_0040_0014_0052_0052.jpg 1 40 14 52 52
0032_0006_0008_0062_0062.jpg 1 6 8 62 62
0033_0027_0004_0064_0064.jpg 1 27 4 64 64
0034_0010_0008_0062_0062.jpg 1 10 8 62 62
0035_0007_0013_0058_0058.jpg 1 7 13 58 58
0036_0013_0016_0062_0062.jpg 1 13 16 62 62
