0001_0005_0023_0050_0050.jpg 1 5 23 50 50
0002_0023_0005_0069_0069.jpg 1 23 5 69 69
0003_0028_0023_0066_0066.jpg 1 28 23 66 66
0004_0020_0025_0069_0069.jpg 1 20 25 69 69
0005_0028_0006_0052_0052.jpg 1 28 6 52 52
0006_0005_0015_0067_0067.jpg 1 5 15 67 67
0007_0033_0036_0056_0056.jpg 1 33 36 56 56
0008_0012_0030_0060_0060.jpg 1 12 30 60 60
0009_0019_0023_0061_0061.jpg 1 19 23 61 61
0010_0029_0016_0051_0051.jpg 1 29 16 51 51
0011_0017_0021_0064_0064.jpg 1 17 21 64 64
0012_0021_0011_0063_0063.jpg 1 21 11 63 63
0013_0018_0027_0052_0052.jpg 1 18 27 52 52
0014_0017_0013_0053_0053.jpg 1 17 13 53 53
0015_0021_0009_0056_0056.jpg 1 21 9 56 56
0016_0020_0026_0055_0055.jpg 1 20 26 55 55
0017_0005_0020_0062_0062.jpg 1 5 20 62 62
0018_0027_0021_0057_0057.jpg 1 27 21 57 57
0019_0015_0027_0063_0063.jpg 1 15 27 63 63
0020_0012_0009_0069_0069.jpg 1 12 9 69 69
0021_0041_0022_0048_0048.jpg 1 41 22 48 48
0022_0040_0018_0052_0052.jpg 1 40 18 52 52
0023_0004_0009_0054_0054.jpg 1 4 9 54 54
0024_0015_0011_0067_0067.jpg 1 15 11 67 67
0025_0010_0026_0060_0060.jpg 1 10 26 60 60
0026_0025_0019_0056_0056.jpg 1 25 19 56 56
0027_0019_0005_0066_0066.jpg 1 19 5 66 66
0028_0022_0023_0066_0066.jpg 1 22 23 66 66
0029_0023_0027_0062_0062.jpg 1 23 27 62 62
0030_0012_0017_0051_0051.jpg 1 12 17 51 51
0031_0028_0025_0067_0067.jpg 1 28 25 67 67
0032_0010_0035_0055_0055.jpg 1 10 35 55 55
0033_0018_0030_0063_0063.jpg 1 18 30 63 63
0034_0032_0019_0057_0057.jpg 1 32 19 57 57
0035_0028_0010_0062_0062.jpg 1 28 10 62 62
0036_0025_0012_0060_0060.jpg 1 25 12 60 60
