0001_0024_0029_0060_0060.jpg 1 24 29 60 60
0002_0033_0009_0050_0050.jpg 1 33 9 50 50
0003_0022_0009_0050_0050.jpg 1 22 9 50 50
0004_0026_0027_0061_0061.jpg 1 26 27 61 61
0005_0026_0041_0048_0048.jpg 1 26 41 48 48
0006_0029_0015_0058_0058.jpg 1 29 15 58 58
0007_0017_0006_0068_0068.jpg 1 17 6 68 68
0008_0023_0016_0057_0057.jpg 1 23 16 57 57
0009_0019_0009_0059_0059.jpg 1 19 9 59 59
0010_0030_0004_0064_0064.jpg 1 30 4 64 64
0011_0008_0010_0050_0050.jpg 1 8 10 50 50
0012_0030_0018_0055_0055.jpg 1 30 18 55 55
0013_0027_0008_0059_0059.jpg 1 27 8 59 59
0014_0033_0007_0056_0056.jpg 1 33 7 56 56
0015_0013_0010_0064_0064.jpg 1 13 10 64 64
0016_0026_0006_0069_0069.jpg 1 26 6 69 69
0017_0025_0044_0049_0049.jpg 1 25 44 49 49
0018_0030_0033_0061_0061.jpg 1 30 33 61 61
0019_0014_0025_0068_0068.jpg 1 14 25 68 68
0020_0004_0014_0064_0064.jpg 1 4 14 64 64
0021_0015_0009_0065_0065.jpg 1 15 9 65 65
0022_0019_0026_0058_0058.jpg 1 19 26 58 58
0023_0017_0021_0061_0061.jpg 1 17 21 61 61
0024_0045_0012_0048_0048.jpg 1 45 12 48 48
0025_0029_0007_0067_0067.jpg 1 29 7 67 67
0026_0014_0032_0064_0064.jpg 1 14 32 64 64
0027_0034_0011_0061_0061.jpg 1 34 11 61 61
0028_0034_0034_0051_0051.jpg 1 34 34 51 51
0029_0021_0013_0068_0068.jpg 1 21 13 68 68
0030_0028_0023_0065_0065.jpg 1 28 23 65 65
0031_0029_0021_0063_0063.jpg 1 29 21 63 63
0032_0008_0033_0054_0054.jpg 1 8 33 54 54
0033_0033_0022_0060_0060.jpg 1 33 22 60 60
0034_0004_0007_0067_0067.jpg 1 4 7 67 67
0035_0017_0017_0053_0053.jpg 1 17 17 53 53
0036_0004_0028_0056_0056.jpg 1 4 28 56 56
