0001_0018_0029_0061_0061.jpg 1 18 29 61 61
0002_0029_0011_0051_0051.jpg 1 29 11 51 51
0003_0023_0023_0066_0066.jpg 1 23 23 66 66
0004_0027_0008_0059_0059.jpg 1 27 8 59 59
0005_0035_0023_0057_0057.jpg 1 35 23 57 57
0006_0007_0016_0050_0050.jpg 1 7 16 50 50
0007_0036_0026_0051_0051.jpg 1 36 26 51 51
0008_0026_0036_0049_0049.jpg 1 26 36 49 49
0009_0017_0011_0057_0057.jpg 1 17 11 57 57
0010_0019_0032_0061_0061.jpg 1 19 32 61 61
0011_0027_0024_0052_0052.jpg 1 27 24 52 52
0012_0013_0023_0058_0058.jpg 1 13 23 58 58
0013_0016_0027_0066_0066.jpg 1 16 27 66 66
0014_0006_0019_0060_0060.jpg 1 6 19 60 60
0015_0028_0040_0053_0053.jpg 1 28 40 53 53
0016_0031_0009_0061_0061.jpg 1 31 9 61 61
0017_0031_0016_0050_0050.jpg 1 31 16 50 50
0018_0018_0034_0053_0053.jpg 1 18 34 53 53
0019_0016_0012_0055_0055.jpg 1 16 12 55 55
0020_0018_0041_0050_0050.jpg 1 18 41 50 50
0021_0020_0009_0061_0061.jpg 1 20 9 61 61
0022_0035_0008_0058_0058.jpg 1 35 8 58 58
0023_0007_0005_0068_0068.jpg 1 7 5 68 68
0024_0039_0034_0051_0051.jpg 1 39 34 51 51
0025_0009_0016_0058_0058.jpg 1 9 16 58 58
0026_0011_0019_0066_0066.jpg 1 11 19 66 66
0027_0021_0046_0048_0048.jpg 1 21 46 48 48
0028_0007_0021_0062_0062.jpg 1 7 21 62 62
0029_0004_0010_0065_0065.jpg 1 4 10 65 65
0030_0006_0029_0059_0059.jpg 1 6 29 59 59
0031_0005_0015_0058_0058.jpg 1 5 15 58 58
0032_0027_0026_0067_0067.jpg 1 27 26 67 67
0033_0020_0019_0067_0067.jpg 1 20 19 67 67
0034_0030_0027_0048_0048.jpg 1 30 27 48 48
0035_0033_0011_0059_0059.jpg 1 33 11 59 59
0036_0035_0020_0056_0056.jpg 1 35 20 56 56
