0001_0023_0003_0063_0063.jpg 1 23 3 63 63
0002_0010_0033_0050_0050.jpg 1 10 33 50 50
0003_0017_0005_0067_0067.jpg 1 17 5 67 67
0004_0014_0011_0057_0057.jpg 1 14 11 57 57
0005_0008_0010_0063_0063.jpg 1 8 10 63 63
0006_0008_0016_0061_0061.jpg 1 8 16 61 61
0007_0028_0012_0062_0062.jpg 1 28 12 62 62
0008_0005_0011_0062_0062.jpg 1 5 11 62 62
0009_0029_0040_0050_0050.jpg 1 29 40 50 50
0010_0029_0013_0067_0067.jpg 1 29 13 67 67
0011_0012_0005_0062_0062.jpg 1 12 5 62 62
0012_0029_0021_0067_0067.jpg 1 29 21 67 67
0013_0015_0005_0056_0056.jpg 1 15 5 56 56
0014_0034_0029_0060_0060.jpg 1 34 29 60 60
0015_0028_0013_0050_0050.jpg 1 28 13 50 50
0016_0035_0010_0051_0051.jpg 1 35 10 51 51
0017_0004_0004_0064_0064.jpg 1 4 4 64 64
0018_0032_0028_0061_0061.jpg 1 32 28 61 61
0019_0043_0024_0049_0049.jpg 1 43 24 49 49
0020_0018_0006_0068_0068.jpg 1 18 6 68 68
0021_0004_0022_0060_0060.jpg 1 4 22 60 60
0022_0030_0040_0054_0054.jpg 1 30 40 54 54
0023_0008_0026_0067_0067.jpg 1 8 26 67 67
0024_0042_0030_0049_0049.jpg 1 42 30 49 49
0025_0006_0032_0060_0060.jpg 1 6 32 60 60
0026_0004_0027_0068_0068.jpg 1 4 27 68 68
0027_0031_0007_0050_0050.jpg 1 31 7 50 50
0028_0020_0034_0052_0052.jpg 1 20 34 52 52
0029_0042_0023_0051_0051.jpg 1 42 23 51 51
0030_0013_0005_0066_0066.jpg 1 13 5 66 66
0031_0027_0031_0059_0059.jpg 1 27 31 59 59
0032_0031_0025_0064_0064.jpg 1 31 25 64 64
0033_0024_0017_0064_0064.jpg 1 24 17 64 64
0034_0035_0038_0055_0055.jpg 1 35 38 55 55
0035_0015_0027_0054_0054.jpg 1 15 27 54 54
0036_0019_0035_0054_0054.jpg 1 19 35 54 54
